<?xml version="1.0" encoding="UTF-8"?>
<testng-results ignored="0" total="20" passed="20" failed="0" skipped="0">
  <reporter-output>
  </reporter-output>
  <suite started-at="2024-02-11T22:12:56 IST" name="Default suite" finished-at="2024-02-11T22:18:22 IST" duration-ms="326394">
    <groups>
    </groups>
    <test started-at="2024-02-11T22:12:56 IST" name="Default test" finished-at="2024-02-11T22:18:22 IST" duration-ms="326394">
      <class name="com.resumebuilder.test.TestClass">
        <test-method is-config="true" signature="Configure()[pri:0, instance:com.resumebuilder.test.TestClass@18df8434]" started-at="2024-02-11T22:12:56 IST" name="Configure" finished-at="2024-02-11T22:13:21 IST" duration-ms="24583" status="PASS">
          <reporter-output>
          </reporter-output>
        </test-method> <!-- Configure -->
        <test-method signature="TC_HP_001()[pri:1, instance:com.resumebuilder.test.TestClass@18df8434]" started-at="2024-02-11T22:13:21 IST" name="TC_HP_001" finished-at="2024-02-11T22:13:24 IST" duration-ms="3051" status="PASS">
          <reporter-output>
          </reporter-output>
        </test-method> <!-- TC_HP_001 -->
        <test-method signature="TC_HP_002()[pri:2, instance:com.resumebuilder.test.TestClass@18df8434]" started-at="2024-02-11T22:13:24 IST" name="TC_HP_002" finished-at="2024-02-11T22:13:33 IST" duration-ms="9515" status="PASS">
          <reporter-output>
          </reporter-output>
        </test-method> <!-- TC_HP_002 -->
        <test-method signature="TC_UN_001()[pri:3, instance:com.resumebuilder.test.TestClass@18df8434]" started-at="2024-02-11T22:13:33 IST" name="TC_UN_001" finished-at="2024-02-11T22:13:37 IST" duration-ms="3511" status="PASS">
          <reporter-output>
          </reporter-output>
        </test-method> <!-- TC_UN_001 -->
        <test-method signature="TC_P_001()[pri:4, instance:com.resumebuilder.test.TestClass@18df8434]" started-at="2024-02-11T22:13:37 IST" name="TC_P_001" finished-at="2024-02-11T22:13:40 IST" duration-ms="3656" status="PASS">
          <reporter-output>
          </reporter-output>
        </test-method> <!-- TC_P_001 -->
        <test-method signature="TC_M_001()[pri:5, instance:com.resumebuilder.test.TestClass@18df8434]" started-at="2024-02-11T22:13:40 IST" name="TC_M_001" finished-at="2024-02-11T22:13:44 IST" duration-ms="3471" status="PASS">
          <reporter-output>
          </reporter-output>
        </test-method> <!-- TC_M_001 -->
        <test-method signature="TC_M_002()[pri:6, instance:com.resumebuilder.test.TestClass@18df8434]" started-at="2024-02-11T22:13:44 IST" name="TC_M_002" finished-at="2024-02-11T22:13:48 IST" duration-ms="3776" status="PASS">
          <reporter-output>
          </reporter-output>
        </test-method> <!-- TC_M_002 -->
        <test-method signature="TC_PW_001()[pri:7, instance:com.resumebuilder.test.TestClass@18df8434]" started-at="2024-02-11T22:13:48 IST" name="TC_PW_001" finished-at="2024-02-11T22:13:52 IST" duration-ms="4017" status="PASS">
          <reporter-output>
          </reporter-output>
        </test-method> <!-- TC_PW_001 -->
        <test-method signature="TC_PW_002()[pri:8, instance:com.resumebuilder.test.TestClass@18df8434]" started-at="2024-02-11T22:13:52 IST" name="TC_PW_002" finished-at="2024-02-11T22:13:56 IST" duration-ms="3822" status="PASS">
          <reporter-output>
          </reporter-output>
        </test-method> <!-- TC_PW_002 -->
        <test-method signature="TC_PW_003()[pri:9, instance:com.resumebuilder.test.TestClass@18df8434]" started-at="2024-02-11T22:13:56 IST" name="TC_PW_003" finished-at="2024-02-11T22:13:59 IST" duration-ms="3766" status="PASS">
          <reporter-output>
          </reporter-output>
        </test-method> <!-- TC_PW_003 -->
        <test-method signature="TC_LG_001()[pri:10, instance:com.resumebuilder.test.TestClass@18df8434]" started-at="2024-02-11T22:13:59 IST" name="TC_LG_001" finished-at="2024-02-11T22:14:05 IST" duration-ms="5604" status="PASS">
          <reporter-output>
          </reporter-output>
        </test-method> <!-- TC_LG_001 -->
        <test-method signature="TC_LG_002()[pri:11, instance:com.resumebuilder.test.TestClass@18df8434]" started-at="2024-02-11T22:14:05 IST" name="TC_LG_002" finished-at="2024-02-11T22:14:11 IST" duration-ms="5844" status="PASS">
          <reporter-output>
          </reporter-output>
        </test-method> <!-- TC_LG_002 -->
        <test-method signature="TC_LG_003()[pri:12, instance:com.resumebuilder.test.TestClass@18df8434]" started-at="2024-02-11T22:14:11 IST" name="TC_LG_003" finished-at="2024-02-11T22:14:15 IST" duration-ms="4687" status="PASS">
          <reporter-output>
          </reporter-output>
        </test-method> <!-- TC_LG_003 -->
        <test-method signature="TC_LG_004()[pri:13, instance:com.resumebuilder.test.TestClass@18df8434]" started-at="2024-02-11T22:14:15 IST" name="TC_LG_004" finished-at="2024-02-11T22:14:20 IST" duration-ms="4661" status="PASS">
          <reporter-output>
          </reporter-output>
        </test-method> <!-- TC_LG_004 -->
        <test-method signature="TC_PC_001()[pri:14, instance:com.resumebuilder.test.TestClass@18df8434]" started-at="2024-02-11T22:14:20 IST" name="TC_PC_001" finished-at="2024-02-11T22:14:45 IST" duration-ms="25052" status="PASS">
          <reporter-output>
          </reporter-output>
        </test-method> <!-- TC_PC_001 -->
        <test-method signature="TC_PC_002()[pri:15, instance:com.resumebuilder.test.TestClass@18df8434]" started-at="2024-02-11T22:14:45 IST" name="TC_PC_002" finished-at="2024-02-11T22:15:27 IST" duration-ms="41541" status="PASS">
          <reporter-output>
          </reporter-output>
        </test-method> <!-- TC_PC_002 -->
        <test-method signature="TC_EP_001()[pri:16, instance:com.resumebuilder.test.TestClass@18df8434]" started-at="2024-02-11T22:15:27 IST" name="TC_EP_001" finished-at="2024-02-11T22:16:28 IST" duration-ms="61152" status="PASS">
          <reporter-output>
          </reporter-output>
        </test-method> <!-- TC_EP_001 -->
        <test-method signature="TC_EP_002()[pri:17, instance:com.resumebuilder.test.TestClass@18df8434]" started-at="2024-02-11T22:16:28 IST" name="TC_EP_002" finished-at="2024-02-11T22:17:09 IST" duration-ms="40990" status="PASS">
          <reporter-output>
          </reporter-output>
        </test-method> <!-- TC_EP_002 -->
        <test-method signature="TC_DR_003()[pri:18, instance:com.resumebuilder.test.TestClass@18df8434]" started-at="2024-02-11T22:17:09 IST" name="TC_DR_003" finished-at="2024-02-11T22:17:37 IST" duration-ms="27799" status="PASS">
          <reporter-output>
          </reporter-output>
        </test-method> <!-- TC_DR_003 -->
        <test-method signature="TC_DR_004()[pri:19, instance:com.resumebuilder.test.TestClass@18df8434]" started-at="2024-02-11T22:17:37 IST" name="TC_DR_004" finished-at="2024-02-11T22:18:04 IST" duration-ms="27376" status="PASS">
          <reporter-output>
          </reporter-output>
        </test-method> <!-- TC_DR_004 -->
        <test-method signature="TC_LT_001()[pri:20, instance:com.resumebuilder.test.TestClass@18df8434]" started-at="2024-02-11T22:18:04 IST" name="TC_LT_001" finished-at="2024-02-11T22:18:22 IST" duration-ms="18267" status="PASS">
          <reporter-output>
          </reporter-output>
        </test-method> <!-- TC_LT_001 -->
        <test-method is-config="true" signature="Final()[pri:0, instance:com.resumebuilder.test.TestClass@18df8434]" started-at="2024-02-11T22:18:22 IST" name="Final" finished-at="2024-02-11T22:18:22 IST" duration-ms="2" status="PASS">
          <reporter-output>
          </reporter-output>
        </test-method> <!-- Final -->
      </class> <!-- com.resumebuilder.test.TestClass -->
    </test> <!-- Default test -->
  </suite> <!-- Default suite -->
</testng-results>
