<?xml version="1.0" encoding="UTF-8"?>
<!-- Generated by org.testng.reporters.JUnitXMLReporter -->
<testsuite ignored="0" hostname="LAPTOP-45AGSMFS" failures="0" tests="20" name="Default test" time="326.394" errors="0" timestamp="2024-02-11T22:18:23 IST">
  <testcase classname="com.resumebuilder.test.TestClass" name="TC_HP_001" time="3.051"/>
  <testcase classname="com.resumebuilder.test.TestClass" name="TC_HP_002" time="9.515"/>
  <testcase classname="com.resumebuilder.test.TestClass" name="TC_UN_001" time="3.511"/>
  <testcase classname="com.resumebuilder.test.TestClass" name="TC_P_001" time="3.656"/>
  <testcase classname="com.resumebuilder.test.TestClass" name="TC_M_001" time="3.471"/>
  <testcase classname="com.resumebuilder.test.TestClass" name="TC_M_002" time="3.776"/>
  <testcase classname="com.resumebuilder.test.TestClass" name="TC_PW_001" time="4.017"/>
  <testcase classname="com.resumebuilder.test.TestClass" name="TC_PW_002" time="3.822"/>
  <testcase classname="com.resumebuilder.test.TestClass" name="TC_PW_003" time="3.766"/>
  <testcase classname="com.resumebuilder.test.TestClass" name="TC_LG_001" time="5.604"/>
  <testcase classname="com.resumebuilder.test.TestClass" name="TC_LG_002" time="5.844"/>
  <testcase classname="com.resumebuilder.test.TestClass" name="TC_LG_003" time="4.687"/>
  <testcase classname="com.resumebuilder.test.TestClass" name="TC_LG_004" time="4.661"/>
  <testcase classname="com.resumebuilder.test.TestClass" name="TC_PC_001" time="25.052"/>
  <testcase classname="com.resumebuilder.test.TestClass" name="TC_PC_002" time="41.541"/>
  <testcase classname="com.resumebuilder.test.TestClass" name="TC_EP_001" time="61.152"/>
  <testcase classname="com.resumebuilder.test.TestClass" name="TC_EP_002" time="40.99"/>
  <testcase classname="com.resumebuilder.test.TestClass" name="TC_DR_003" time="27.799"/>
  <testcase classname="com.resumebuilder.test.TestClass" name="TC_DR_004" time="27.376"/>
  <testcase classname="com.resumebuilder.test.TestClass" name="TC_LT_001" time="18.267"/>
</testsuite> <!-- Default test -->
